HDR09??Example firmware data block.
